0 verbose cli /usr/bin/node /usr/bin/npm
1 info using npm@10.8.2
2 info using node@v20.17.0
3 silly config load:file:/usr/lib/node_modules/npm/npmrc
4 silly config load:file:/home/user/web-app/.npmrc
5 silly config load:file:/home/user/.npmrc
6 silly config load:file:/usr/etc/npmrc
7 verbose title npm install @radix-ui/react-toast
8 verbose argv "install" "@radix-ui/react-toast"
9 verbose logfile logs-max:10 dir:/home/user/.npm/_logs/2024-10-18T10_16_10_214Z-
10 verbose logfile /home/user/.npm/_logs/2024-10-18T10_16_10_214Z-debug-0.log
11 silly packumentCache heap:2116812800 maxSize:529203200 maxEntrySize:264601600
12 silly logfile done cleaning log files
13 silly idealTree buildDeps
14 silly fetch manifest @radix-ui/react-toast@^1.2.1
15 silly packumentCache full:https://registry.npmjs.org/@radix-ui%2freact-toast cache-miss
16 http fetch GET 200 https://registry.npmjs.org/@radix-ui%2freact-toast 326ms (cache miss)
17 silly packumentCache full:https://registry.npmjs.org/@radix-ui%2freact-toast set size:undefined disposed:false
18 silly fetch manifest @types/react@^18
19 silly packumentCache full:https://registry.npmjs.org/@types%2freact cache-miss
20 http fetch GET 200 https://registry.npmjs.org/@types%2freact 118ms (cache miss)
21 silly packumentCache full:https://registry.npmjs.org/@types%2freact set size:undefined disposed:false
22 silly fetch manifest @types/react-dom@^18
23 silly packumentCache full:https://registry.npmjs.org/@types%2freact-dom cache-miss
24 http fetch GET 200 https://registry.npmjs.org/@types%2freact-dom 69ms (cache miss)
25 silly packumentCache full:https://registry.npmjs.org/@types%2freact-dom set size:undefined disposed:false
26 silly fetch manifest react@^18
27 silly packumentCache full:https://registry.npmjs.org/react cache-miss
28 http fetch GET 200 https://registry.npmjs.org/react 127ms (cache miss)
29 silly packumentCache full:https://registry.npmjs.org/react set size:undefined disposed:false
30 silly fetch manifest react-dom@^18
31 silly packumentCache full:https://registry.npmjs.org/react-dom cache-miss
32 http fetch GET 200 https://registry.npmjs.org/react-dom 128ms (cache miss)
33 silly packumentCache full:https://registry.npmjs.org/react-dom set size:undefined disposed:false
34 silly placeDep ROOT @radix-ui/react-toast@1.2.2 REPLACE for: web-app@0.1.0 want: ^1.2.1
35 silly fetch manifest @radix-ui/react-context@1.1.1
36 silly packumentCache full:https://registry.npmjs.org/@radix-ui%2freact-context cache-miss
37 silly fetch manifest @radix-ui/react-dismissable-layer@1.1.1
38 silly packumentCache full:https://registry.npmjs.org/@radix-ui%2freact-dismissable-layer cache-miss
39 silly fetch manifest @radix-ui/react-portal@1.1.2
40 silly packumentCache full:https://registry.npmjs.org/@radix-ui%2freact-portal cache-miss
41 silly fetch manifest @radix-ui/react-presence@1.1.1
42 silly packumentCache full:https://registry.npmjs.org/@radix-ui%2freact-presence cache-miss
43 http fetch GET 200 https://registry.npmjs.org/@radix-ui%2freact-context 54ms (cache miss)
44 silly packumentCache full:https://registry.npmjs.org/@radix-ui%2freact-context set size:undefined disposed:false
45 http fetch GET 200 https://registry.npmjs.org/@radix-ui%2freact-dismissable-layer 97ms (cache miss)
46 silly packumentCache full:https://registry.npmjs.org/@radix-ui%2freact-dismissable-layer set size:undefined disposed:false
47 http fetch GET 200 https://registry.npmjs.org/@radix-ui%2freact-presence 107ms (cache miss)
48 silly packumentCache full:https://registry.npmjs.org/@radix-ui%2freact-presence set size:undefined disposed:false
49 http fetch GET 200 https://registry.npmjs.org/@radix-ui%2freact-portal 111ms (cache miss)
50 silly packumentCache full:https://registry.npmjs.org/@radix-ui%2freact-portal set size:undefined disposed:false
51 silly fetch manifest @types/react@*
52 silly packumentCache full:https://registry.npmjs.org/@types%2freact cache-miss
53 http fetch GET 200 https://registry.npmjs.org/@types%2freact 25ms (cache hit)
54 silly packumentCache full:https://registry.npmjs.org/@types%2freact set size:2219669 disposed:false
55 silly fetch manifest react@^16.8 || ^17.0 || ^18.0 || ^19.0 || ^19.0.0-rc
56 silly packumentCache full:https://registry.npmjs.org/react cache-miss
57 http fetch GET 200 https://registry.npmjs.org/react 35ms (cache hit)
58 silly packumentCache full:https://registry.npmjs.org/react set size:5059063 disposed:false
59 silly fetch manifest @types/react-dom@*
60 silly packumentCache full:https://registry.npmjs.org/@types%2freact-dom cache-miss
61 http fetch GET 200 https://registry.npmjs.org/@types%2freact-dom 5ms (cache hit)
62 silly packumentCache full:https://registry.npmjs.org/@types%2freact-dom set size:350529 disposed:false
63 silly fetch manifest react-dom@^16.8 || ^17.0 || ^18.0 || ^19.0 || ^19.0.0-rc
64 silly packumentCache full:https://registry.npmjs.org/react-dom cache-miss
65 http fetch GET 200 https://registry.npmjs.org/react-dom 31ms (cache hit)
66 silly packumentCache full:https://registry.npmjs.org/react-dom set size:6149029 disposed:false
67 silly placeDep node_modules/@radix-ui/react-toast @radix-ui/react-context@1.1.1 OK for: @radix-ui/react-toast@1.2.2 want: 1.1.1
68 silly placeDep node_modules/@radix-ui/react-toast @radix-ui/react-dismissable-layer@1.1.1 OK for: @radix-ui/react-toast@1.2.2 want: 1.1.1
69 silly placeDep node_modules/@radix-ui/react-toast @radix-ui/react-portal@1.1.2 OK for: @radix-ui/react-toast@1.2.2 want: 1.1.2
70 silly placeDep node_modules/@radix-ui/react-toast @radix-ui/react-presence@1.1.1 OK for: @radix-ui/react-toast@1.2.2 want: 1.1.1
71 silly reify mark retired [ '/home/user/web-app/node_modules/@radix-ui/react-toast' ]
72 silly reify moves {
72 silly reify   '/home/user/web-app/node_modules/@radix-ui/react-toast': '/home/user/web-app/node_modules/@radix-ui/.react-toast-z1OBWlVY'
72 silly reify }
73 silly audit bulk request {
73 silly audit   '@alloc/quick-lru': [ '5.2.0' ],
73 silly audit   '@babel/runtime': [ '7.25.6' ],
73 silly audit   '@eslint-community/eslint-utils': [ '4.4.0' ],
73 silly audit   '@eslint-community/regexpp': [ '4.11.1' ],
73 silly audit   '@eslint/eslintrc': [ '2.1.4' ],
73 silly audit   '@eslint/js': [ '8.57.1' ],
73 silly audit   '@floating-ui/core': [ '1.6.8' ],
73 silly audit   '@floating-ui/dom': [ '1.6.11' ],
73 silly audit   '@floating-ui/react-dom': [ '2.1.2' ],
73 silly audit   '@floating-ui/utils': [ '0.2.8' ],
73 silly audit   '@gar/promisify': [ '1.1.3' ],
73 silly audit   '@hookform/resolvers': [ '3.9.0' ],
73 silly audit   '@humanwhocodes/config-array': [ '0.13.0' ],
73 silly audit   '@humanwhocodes/module-importer': [ '1.0.1' ],
73 silly audit   '@humanwhocodes/object-schema': [ '2.0.3' ],
73 silly audit   '@isaacs/cliui': [ '8.0.2' ],
73 silly audit   'ansi-regex': [ '6.1.0', '5.0.1' ],
73 silly audit   'strip-ansi': [ '7.1.0', '6.0.1' ],
73 silly audit   '@jridgewell/gen-mapping': [ '0.3.5' ],
73 silly audit   '@jridgewell/resolve-uri': [ '3.1.2' ],
73 silly audit   '@jridgewell/set-array': [ '1.2.1' ],
73 silly audit   '@jridgewell/sourcemap-codec': [ '1.5.0' ],
73 silly audit   '@jridgewell/trace-mapping': [ '0.3.25' ],
73 silly audit   '@next/env': [ '14.2.13' ],
73 silly audit   '@next/eslint-plugin-next': [ '14.2.13' ],
73 silly audit   '@next/swc-darwin-arm64': [ '14.2.13' ],
73 silly audit   '@next/swc-darwin-x64': [ '14.2.13' ],
73 silly audit   '@next/swc-linux-arm64-gnu': [ '14.2.13' ],
73 silly audit   '@next/swc-linux-arm64-musl': [ '14.2.13' ],
73 silly audit   '@next/swc-linux-x64-gnu': [ '14.2.13' ],
73 silly audit   '@next/swc-linux-x64-musl': [ '14.2.13' ],
73 silly audit   '@next/swc-win32-arm64-msvc': [ '14.2.13' ],
73 silly audit   '@next/swc-win32-ia32-msvc': [ '14.2.13' ],
73 silly audit   '@next/swc-win32-x64-msvc': [ '14.2.13' ],
73 silly audit   '@nodelib/fs.scandir': [ '2.1.5' ],
73 silly audit   '@nodelib/fs.stat': [ '2.0.5' ],
73 silly audit   '@nodelib/fs.walk': [ '1.2.8' ],
73 silly audit   '@nolyfill/is-core-module': [ '1.0.39' ],
73 silly audit   '@npmcli/fs': [ '1.1.1' ],
73 silly audit   '@npmcli/move-file': [ '1.1.2' ],
73 silly audit   '@pkgjs/parseargs': [ '0.11.0' ],
73 silly audit   '@radix-ui/number': [ '1.1.0' ],
73 silly audit   '@radix-ui/primitive': [ '1.1.0', '1.0.1' ],
73 silly audit   '@radix-ui/react-accordion': [ '1.2.0' ],
73 silly audit   '@radix-ui/react-alert-dialog': [ '1.1.1' ],
73 silly audit   '@radix-ui/react-arrow': [ '1.1.0' ],
73 silly audit   '@radix-ui/react-aspect-ratio': [ '1.1.0' ],
73 silly audit   '@radix-ui/react-avatar': [ '1.1.0' ],
73 silly audit   '@radix-ui/react-checkbox': [ '1.1.1' ],
73 silly audit   '@radix-ui/react-collapsible': [ '1.1.0' ],
73 silly audit   '@radix-ui/react-collection': [ '1.1.0' ],
73 silly audit   '@radix-ui/react-compose-refs': [ '1.1.0', '1.0.1' ],
73 silly audit   '@radix-ui/react-context': [ '1.1.0', '1.0.1', '1.1.1' ],
73 silly audit   '@radix-ui/react-context-menu': [ '2.2.1' ],
73 silly audit   '@radix-ui/react-dialog': [ '1.1.1', '1.0.5' ],
73 silly audit   '@radix-ui/react-direction': [ '1.1.0' ],
73 silly audit   '@radix-ui/react-dismissable-layer': [ '1.1.0', '1.0.5', '1.1.1' ],
73 silly audit   '@radix-ui/react-dropdown-menu': [ '2.1.1' ],
73 silly audit   '@radix-ui/react-focus-guards': [ '1.1.0', '1.0.1' ],
73 silly audit   '@radix-ui/react-focus-scope': [ '1.1.0', '1.0.4' ],
73 silly audit   '@radix-ui/react-hover-card': [ '1.1.1' ],
73 silly audit   '@radix-ui/react-icons': [ '1.3.0' ],
73 silly audit   '@radix-ui/react-id': [ '1.1.0', '1.0.1' ],
73 silly audit   '@radix-ui/react-label': [ '2.1.0' ],
73 silly audit   '@radix-ui/react-menu': [ '2.1.1' ],
73 silly audit   '@radix-ui/react-menubar': [ '1.1.1' ],
73 silly audit   '@radix-ui/react-navigation-menu': [ '1.2.0' ],
73 silly audit   '@radix-ui/react-popover': [ '1.1.1' ],
73 silly audit   '@radix-ui/react-popper': [ '1.2.0' ],
73 silly audit   '@radix-ui/react-portal': [ '1.1.1', '1.0.4', '1.1.2' ],
73 silly audit   '@radix-ui/react-presence': [ '1.1.0', '1.0.1', '1.1.1' ],
73 silly audit   '@radix-ui/react-primitive': [ '2.0.0', '1.0.3' ],
73 silly audit   '@radix-ui/react-progress': [ '1.1.0' ],
73 silly audit   '@radix-ui/react-radio-group': [ '1.2.0' ],
73 silly audit   '@radix-ui/react-roving-focus': [ '1.1.0' ],
73 silly audit   '@radix-ui/react-scroll-area': [ '1.1.0' ],
73 silly audit   '@radix-ui/react-select': [ '2.1.1' ],
73 silly audit   '@radix-ui/react-separator': [ '1.1.0' ],
73 silly audit   '@radix-ui/react-slider': [ '1.2.0' ],
73 silly audit   '@radix-ui/react-slot': [ '1.1.0', '1.0.2' ],
73 silly audit   '@radix-ui/react-switch': [ '1.1.0' ],
73 silly audit   '@radix-ui/react-tabs': [ '1.1.0' ],
73 silly audit   '@radix-ui/react-toggle': [ '1.1.0' ],
73 silly audit   '@radix-ui/react-toggle-group': [ '1.1.0' ],
73 silly audit   '@radix-ui/react-tooltip': [ '1.1.2' ],
73 silly audit   '@radix-ui/react-use-callback-ref': [ '1.1.0', '1.0.1' ],
73 silly audit   '@radix-ui/react-use-controllable-state': [ '1.1.0', '1.0.1' ],
73 silly audit   '@radix-ui/react-use-escape-keydown': [ '1.1.0', '1.0.3' ],
73 silly audit   '@radix-ui/react-use-layout-effect': [ '1.1.0', '1.0.1' ],
73 silly audit   '@radix-ui/react-use-previous': [ '1.1.0' ],
73 silly audit   '@radix-ui/react-use-rect': [ '1.1.0' ],
73 silly audit   '@radix-ui/react-use-size': [ '1.1.0' ],
73 silly audit   '@radix-ui/react-visually-hidden': [ '1.1.0' ],
73 silly audit   '@radix-ui/rect': [ '1.1.0' ],
73 silly audit   '@rtsao/scc': [ '1.1.0' ],
73 silly audit   '@rushstack/eslint-patch': [ '1.10.4' ],
73 silly audit   '@swc/counter': [ '0.1.3' ],
73 silly audit   '@swc/helpers': [ '0.5.5' ],
73 silly audit   '@tootallnate/once': [ '1.1.2' ],
73 silly audit   '@types/d3-array': [ '3.2.1' ],
73 silly audit   '@types/d3-color': [ '3.1.3' ],
73 silly audit   '@types/d3-ease': [ '3.0.2' ],
73 silly audit   '@types/d3-interpolate': [ '3.0.4' ],
73 silly audit   '@types/d3-path': [ '3.1.0' ],
73 silly audit   '@types/d3-scale': [ '4.0.8' ],
73 silly audit   '@types/d3-shape': [ '3.1.6' ],
73 silly audit   '@types/d3-time': [ '3.0.3' ],
73 silly audit   '@types/d3-timer': [ '3.0.2' ],
73 silly audit   '@types/json5': [ '0.0.29' ],
73 silly audit   '@types/node': [ '20.16.9' ],
73 silly audit   '@types/prop-types': [ '15.7.13' ],
73 silly audit   '@types/react': [ '18.3.9' ],
73 silly audit   '@types/react-dom': [ '18.3.0' ],
73 silly audit   '@typescript-eslint/eslint-plugin': [ '8.7.0' ],
73 silly audit   '@typescript-eslint/parser': [ '8.7.0' ],
73 silly audit   '@typescript-eslint/scope-manager': [ '8.7.0' ],
73 silly audit   '@typescript-eslint/type-utils': [ '8.7.0' ],
73 silly audit   '@typescript-eslint/types': [ '8.7.0' ],
73 silly audit   '@typescript-eslint/typescript-estree': [ '8.7.0' ],
73 silly audit   'brace-expansion': [ '2.0.1', '1.1.11' ],
73 silly audit   minimatch: [ '9.0.5', '3.1.2' ],
73 silly audit   '@typescript-eslint/utils': [ '8.7.0' ],
73 silly audit   '@typescript-eslint/visitor-keys': [ '8.7.0' ],
73 silly audit   '@ungap/structured-clone': [ '1.2.0' ],
73 silly audit   abbrev: [ '1.1.1' ],
73 silly audit   accepts: [ '1.3.8' ],
73 silly audit   acorn: [ '8.12.1' ],
73 silly audit   'acorn-jsx': [ '5.3.2' ],
73 silly audit   'agent-base': [ '6.0.2' ],
73 silly audit   agentkeepalive: [ '4.5.0' ],
73 silly audit   'aggregate-error': [ '3.1.0' ],
73 silly audit   ajv: [ '6.12.6' ],
73 silly audit   'ansi-styles': [ '4.3.0', '6.2.1' ],
73 silly audit   'any-promise': [ '1.3.0' ],
73 silly audit   anymatch: [ '3.1.3' ],
73 silly audit   aproba: [ '2.0.0' ],
73 silly audit   'are-we-there-yet': [ '3.0.1' ],
73 silly audit   arg: [ '5.0.2' ],
73 silly audit   argparse: [ '2.0.1' ],
73 silly audit   'aria-hidden': [ '1.2.4' ],
73 silly audit   'aria-query': [ '5.1.3' ],
73 silly audit   'array-buffer-byte-length': [ '1.0.1' ],
73 silly audit   'array-flatten': [ '1.1.1' ],
73 silly audit   'array-includes': [ '3.1.8' ],
73 silly audit   'array.prototype.findlast': [ '1.2.5' ],
73 silly audit   'array.prototype.findlastindex': [ '1.2.5' ],
73 silly audit   'array.prototype.flat': [ '1.3.2' ],
73 silly audit   'array.prototype.flatmap': [ '1.3.2' ],
73 silly audit   'array.prototype.tosorted': [ '1.1.4' ],
73 silly audit   'arraybuffer.prototype.slice': [ '1.0.3' ],
73 silly audit   'ast-types-flow': [ '0.0.8' ],
73 silly audit   'available-typed-arrays': [ '1.0.7' ],
73 silly audit   'axe-core': [ '4.10.0' ],
73 silly audit   'axobject-query': [ '4.1.0' ],
73 silly audit   'balanced-match': [ '1.0.2' ],
73 silly audit   'base64-js': [ '1.5.1' ],
73 silly audit   'binary-extensions': [ '2.3.0' ],
73 silly audit   bindings: [ '1.5.0' ],
73 silly audit   bl: [ '4.1.0' ],
73 silly audit   'body-parser': [ '1.20.3' ],
73 silly audit   debug: [ '2.6.9', '4.3.7', '3.2.7' ],
73 silly audit   ms: [ '2.0.0', '2.1.3' ],
73 silly audit   braces: [ '3.0.3' ],
73 silly audit   buffer: [ '5.7.1' ],
73 silly audit   busboy: [ '1.6.0' ],
73 silly audit   bytes: [ '3.1.2' ],
73 silly audit   cacache: [ '15.3.0' ],
73 silly audit   glob: [ '7.2.3', '10.3.10' ],
73 silly audit   'lru-cache': [ '6.0.0', '10.4.3' ],
73 silly audit   minipass: [ '3.3.6', '7.1.2', '5.0.0' ],
73 silly audit   'call-bind': [ '1.0.7' ],
73 silly audit   callsites: [ '3.1.0' ],
73 silly audit   'camelcase-css': [ '2.0.1' ],
73 silly audit   'caniuse-lite': [ '1.0.30001664' ],
73 silly audit   chalk: [ '4.1.2' ],
73 silly audit   chokidar: [ '3.6.0' ],
73 silly audit   'glob-parent': [ '5.1.2', '6.0.2' ],
73 silly audit   chownr: [ '2.0.0', '1.1.4' ],
73 silly audit   'class-variance-authority': [ '0.7.0' ],
73 silly audit   clsx: [ '2.0.0', '2.1.1' ],
73 silly audit   'clean-stack': [ '2.2.0' ],
73 silly audit   'client-only': [ '0.0.1' ],
73 silly audit   cmdk: [ '1.0.0' ],
73 silly audit   'react-remove-scroll': [ '2.5.5', '2.5.7' ],
73 silly audit   'color-convert': [ '2.0.1' ],
73 silly audit   'color-name': [ '1.1.4' ],
73 silly audit   'color-support': [ '1.1.3' ],
73 silly audit   commander: [ '4.1.1' ],
73 silly audit   'concat-map': [ '0.0.1' ],
73 silly audit   'console-control-strings': [ '1.1.0' ],
73 silly audit   'content-disposition': [ '0.5.4' ],
73 silly audit   'content-type': [ '1.0.5' ],
73 silly audit   cookie: [ '0.7.1' ],
73 silly audit   'cookie-signature': [ '1.0.6' ],
73 silly audit   'cross-spawn': [ '7.0.3' ],
73 silly audit   cssesc: [ '3.0.0' ],
73 silly audit   csstype: [ '3.1.3' ],
73 silly audit   'd3-array': [ '3.2.4' ],
73 silly audit   'd3-color': [ '3.1.0' ],
73 silly audit   'd3-ease': [ '3.0.1' ],
73 silly audit   'd3-format': [ '3.1.0' ],
73 silly audit   'd3-interpolate': [ '3.0.1' ],
73 silly audit   'd3-path': [ '3.1.0' ],
73 silly audit   'd3-scale': [ '4.0.2' ],
73 silly audit   'd3-shape': [ '3.2.0' ],
73 silly audit   'd3-time': [ '3.1.0' ],
73 silly audit   'd3-time-format': [ '4.1.0' ],
73 silly audit   'd3-timer': [ '3.0.1' ],
73 silly audit   'damerau-levenshtein': [ '1.0.8' ],
73 silly audit   'data-view-buffer': [ '1.0.1' ],
73 silly audit   'data-view-byte-length': [ '1.0.1' ],
73 silly audit   'data-view-byte-offset': [ '1.0.0' ],
73 silly audit   'date-fns': [ '3.6.0' ],
73 silly audit   'decimal.js-light': [ '2.5.1' ],
73 silly audit   'decompress-response': [ '6.0.0' ],
73 silly audit   'deep-equal': [ '2.2.3' ],
73 silly audit   'deep-extend': [ '0.6.0' ],
73 silly audit   'deep-is': [ '0.1.4' ],
73 silly audit   'define-data-property': [ '1.1.4' ],
73 silly audit   'define-properties': [ '1.2.1' ],
73 silly audit   delegates: [ '1.0.0' ],
73 silly audit   depd: [ '2.0.0' ],
73 silly audit   destroy: [ '1.2.0' ],
73 silly audit   'detect-libc': [ '2.0.3' ],
73 silly audit   'detect-node-es': [ '1.1.0' ],
73 silly audit   didyoumean: [ '1.2.2' ],
73 silly audit   dlv: [ '1.1.3' ],
73 silly audit   doctrine: [ '3.0.0', '2.1.0' ],
73 silly audit   'dom-helpers': [ '5.2.1' ],
73 silly audit   eastasianwidth: [ '0.2.0' ],
73 silly audit   'ee-first': [ '1.1.1' ],
73 silly audit   'embla-carousel': [ '8.3.0' ],
73 silly audit   'embla-carousel-react': [ '8.3.0' ],
73 silly audit   'embla-carousel-reactive-utils': [ '8.3.0' ],
73 silly audit   'emoji-regex': [ '9.2.2', '8.0.0' ],
73 silly audit   encodeurl: [ '2.0.0', '1.0.2' ],
73 silly audit   encoding: [ '0.1.13' ],
73 silly audit   'iconv-lite': [ '0.6.3', '0.4.24' ],
73 silly audit   'end-of-stream': [ '1.4.4' ],
73 silly audit   'enhanced-resolve': [ '5.17.1' ],
73 silly audit   'env-paths': [ '2.2.1' ],
73 silly audit   'err-code': [ '2.0.3' ],
73 silly audit   'es-abstract': [ '1.23.3' ],
73 silly audit   'es-define-property': [ '1.0.0' ],
73 silly audit   'es-errors': [ '1.3.0' ],
73 silly audit   'es-get-iterator': [ '1.1.3' ],
73 silly audit   'es-iterator-helpers': [ '1.0.19' ],
73 silly audit   'es-object-atoms': [ '1.0.0' ],
73 silly audit   'es-set-tostringtag': [ '2.0.3' ],
73 silly audit   'es-shim-unscopables': [ '1.0.2' ],
73 silly audit   'es-to-primitive': [ '1.2.1' ],
73 silly audit   'escape-html': [ '1.0.3' ],
73 silly audit   'escape-string-regexp': [ '4.0.0' ],
73 silly audit   eslint: [ '8.57.1' ],
73 silly audit   'eslint-config-next': [ '14.2.13' ],
73 silly audit   'eslint-import-resolver-node': [ '0.3.9' ],
73 silly audit   'eslint-import-resolver-typescript': [ '3.6.3' ],
73 silly audit   'eslint-module-utils': [ '2.11.1' ],
73 silly audit   'eslint-plugin-import': [ '2.30.0' ],
73 silly audit   semver: [ '6.3.1', '7.6.3' ],
73 silly audit   'eslint-plugin-jsx-a11y': [ '6.10.0' ],
73 silly audit   'eslint-plugin-react': [ '7.36.1' ],
73 silly audit   'eslint-plugin-react-hooks': [ '4.6.2' ],
73 silly audit   resolve: [ '2.0.0-next.5', '1.22.8' ],
73 silly audit   'eslint-scope': [ '7.2.2' ],
73 silly audit   'eslint-visitor-keys': [ '3.4.3' ],
73 silly audit   espree: [ '9.6.1' ],
73 silly audit   esquery: [ '1.6.0' ],
73 silly audit   esrecurse: [ '4.3.0' ],
73 silly audit   estraverse: [ '5.3.0' ],
73 silly audit   esutils: [ '2.0.3' ],
73 silly audit   etag: [ '1.8.1' ],
73 silly audit   eventemitter3: [ '4.0.7' ],
73 silly audit   'expand-template': [ '2.0.3' ],
73 silly audit   express: [ '4.21.1' ],
73 silly audit   'fast-deep-equal': [ '3.1.3' ],
73 silly audit   'fast-equals': [ '5.0.1' ],
73 silly audit   'fast-glob': [ '3.3.2' ],
73 silly audit   'fast-json-stable-stringify': [ '2.1.0' ],
73 silly audit   'fast-levenshtein': [ '2.0.6' ],
73 silly audit   fastq: [ '1.17.1' ],
73 silly audit   'file-entry-cache': [ '6.0.1' ],
73 silly audit   'file-uri-to-path': [ '1.0.0' ],
73 silly audit   'fill-range': [ '7.1.1' ],
73 silly audit   finalhandler: [ '1.3.1' ],
73 silly audit   'find-up': [ '5.0.0' ],
73 silly audit   'flat-cache': [ '3.2.0' ],
73 silly audit   flatted: [ '3.3.1' ],
73 silly audit   'for-each': [ '0.3.3' ],
73 silly audit   'foreground-child': [ '3.3.0' ],
73 silly audit   forwarded: [ '0.2.0' ],
73 silly audit   fresh: [ '0.5.2' ],
73 silly audit   'fs-constants': [ '1.0.0' ],
73 silly audit   'fs-minipass': [ '2.1.0' ],
73 silly audit   'fs.realpath': [ '1.0.0' ],
73 silly audit   fsevents: [ '2.3.3' ],
73 silly audit   'function-bind': [ '1.1.2' ],
73 silly audit   'function.prototype.name': [ '1.1.6' ],
73 silly audit   'functions-have-names': [ '1.2.3' ],
73 silly audit   gauge: [ '4.0.4' ],
73 silly audit   'signal-exit': [ '3.0.7', '4.1.0' ],
73 silly audit   'string-width': [ '4.2.3', '5.1.2' ],
73 silly audit   'get-intrinsic': [ '1.2.4' ],
73 silly audit   'get-nonce': [ '1.0.1' ],
73 silly audit   'get-symbol-description': [ '1.0.2' ],
73 silly audit   'get-tsconfig': [ '4.8.1' ],
73 silly audit   'github-from-package': [ '0.0.0' ],
73 silly audit   globals: [ '13.24.0' ],
73 silly audit   globalthis: [ '1.0.4' ],
73 silly audit   gopd: [ '1.0.1' ],
73 silly audit   'graceful-fs': [ '4.2.11' ],
73 silly audit   graphemer: [ '1.4.0' ],
73 silly audit   'has-bigints': [ '1.0.2' ],
73 silly audit   'has-flag': [ '4.0.0' ],
73 silly audit   'has-property-descriptors': [ '1.0.2' ],
73 silly audit   'has-proto': [ '1.0.3' ],
73 silly audit   'has-symbols': [ '1.0.3' ],
73 silly audit   'has-tostringtag': [ '1.0.2' ],
73 silly audit   'has-unicode': [ '2.0.1' ],
73 silly audit   hasown: [ '2.0.2' ],
73 silly audit   'http-cache-semantics': [ '4.1.1' ],
73 silly audit   'http-errors': [ '2.0.0' ],
73 silly audit   'http-proxy-agent': [ '4.0.1' ],
73 silly audit   'https-proxy-agent': [ '5.0.1' ],
73 silly audit   'humanize-ms': [ '1.2.1' ],
73 silly audit   ieee754: [ '1.2.1' ],
73 silly audit   ignore: [ '5.3.2' ],
73 silly audit   'import-fresh': [ '3.3.0' ],
73 silly audit   imurmurhash: [ '0.1.4' ],
73 silly audit   'indent-string': [ '4.0.0' ],
73 silly audit   'infer-owner': [ '1.0.4' ],
73 silly audit   inflight: [ '1.0.6' ],
73 silly audit   inherits: [ '2.0.4' ],
73 silly audit   ini: [ '1.3.8' ],
73 silly audit   'internal-slot': [ '1.0.7' ],
73 silly audit   internmap: [ '2.0.3' ],
73 silly audit   invariant: [ '2.2.4' ],
73 silly audit   'ip-address': [ '9.0.5' ],
73 silly audit   'ipaddr.js': [ '1.9.1' ],
73 silly audit   'is-arguments': [ '1.1.1' ],
73 silly audit   'is-array-buffer': [ '3.0.4' ],
73 silly audit   'is-async-function': [ '2.0.0' ],
73 silly audit   'is-bigint': [ '1.0.4' ],
73 silly audit   'is-binary-path': [ '2.1.0' ],
73 silly audit   'is-boolean-object': [ '1.1.2' ],
73 silly audit   'is-bun-module': [ '1.2.1' ],
73 silly audit   'is-callable': [ '1.2.7' ],
73 silly audit   'is-core-module': [ '2.15.1' ],
73 silly audit   'is-data-view': [ '1.0.1' ],
73 silly audit   'is-date-object': [ '1.0.5' ],
73 silly audit   'is-extglob': [ '2.1.1' ],
73 silly audit   'is-finalizationregistry': [ '1.0.2' ],
73 silly audit   'is-fullwidth-code-point': [ '3.0.0' ],
73 silly audit   'is-generator-function': [ '1.0.10' ],
73 silly audit   'is-glob': [ '4.0.3' ],
73 silly audit   'is-lambda': [ '1.0.1' ],
73 silly audit   'is-map': [ '2.0.3' ],
73 silly audit   'is-negative-zero': [ '2.0.3' ],
73 silly audit   'is-number': [ '7.0.0' ],
73 silly audit   'is-number-object': [ '1.0.7' ],
73 silly audit   'is-path-inside': [ '3.0.3' ],
73 silly audit   'is-regex': [ '1.1.4' ],
73 silly audit   'is-set': [ '2.0.3' ],
73 silly audit   'is-shared-array-buffer': [ '1.0.3' ],
73 silly audit   'is-string': [ '1.0.7' ],
73 silly audit   'is-symbol': [ '1.0.4' ],
73 silly audit   'is-typed-array': [ '1.1.13' ],
73 silly audit   'is-weakmap': [ '2.0.2' ],
73 silly audit   'is-weakref': [ '1.0.2' ],
73 silly audit   'is-weakset': [ '2.0.3' ],
73 silly audit   isarray: [ '2.0.5' ],
73 silly audit   isexe: [ '2.0.0' ],
73 silly audit   'iterator.prototype': [ '1.1.2' ],
73 silly audit   jackspeak: [ '2.3.6' ],
73 silly audit   jiti: [ '1.21.6' ],
73 silly audit   'js-tokens': [ '4.0.0' ],
73 silly audit   'js-yaml': [ '4.1.0' ],
73 silly audit   jsbn: [ '1.1.0' ],
73 silly audit   'json-buffer': [ '3.0.1' ],
73 silly audit   'json-schema-traverse': [ '0.4.1' ],
73 silly audit   'json-stable-stringify-without-jsonify': [ '1.0.1' ],
73 silly audit   json5: [ '1.0.2' ],
73 silly audit   'jsx-ast-utils': [ '3.3.5' ],
73 silly audit   keyv: [ '4.5.4' ],
73 silly audit   'language-subtag-registry': [ '0.3.23' ],
73 silly audit   'language-tags': [ '1.0.9' ],
73 silly audit   levn: [ '0.4.1' ],
73 silly audit   lilconfig: [ '2.1.0', '3.1.2' ],
73 silly audit   'lines-and-columns': [ '1.2.4' ],
73 silly audit   'locate-path': [ '6.0.0' ],
73 silly audit   lodash: [ '4.17.21' ],
73 silly audit   'lodash.merge': [ '4.6.2' ],
73 silly audit   'loose-envify': [ '1.4.0' ],
73 silly audit   'lucide-react': [ '0.446.0' ],
73 silly audit   'make-fetch-happen': [ '9.1.0' ],
73 silly audit   'media-typer': [ '0.3.0' ],
73 silly audit   'merge-descriptors': [ '1.0.3' ],
73 silly audit   merge2: [ '1.4.1' ],
73 silly audit   methods: [ '1.1.2' ],
73 silly audit   micromatch: [ '4.0.8' ],
73 silly audit   mime: [ '1.6.0' ],
73 silly audit   'mime-db': [ '1.52.0' ],
73 silly audit   'mime-types': [ '2.1.35' ],
73 silly audit   'mimic-response': [ '3.1.0' ],
73 silly audit   minimist: [ '1.2.8' ],
73 silly audit   'minipass-collect': [ '1.0.2' ],
73 silly audit   'minipass-fetch': [ '1.4.1' ],
73 silly audit   'minipass-flush': [ '1.0.5' ],
73 silly audit   'minipass-pipeline': [ '1.2.4' ],
73 silly audit   'minipass-sized': [ '1.0.3' ],
73 silly audit   minizlib: [ '2.1.2' ],
73 silly audit   mkdirp: [ '1.0.4' ],
73 silly audit   'mkdirp-classic': [ '0.5.3' ],
73 silly audit   mz: [ '2.7.0' ],
73 silly audit   nanoid: [ '3.3.7' ],
73 silly audit   'napi-build-utils': [ '1.0.2' ],
73 silly audit   'natural-compare': [ '1.4.0' ],
73 silly audit   negotiator: [ '0.6.3' ],
73 silly audit   next: [ '14.2.13' ],
73 silly audit   'next-themes': [ '0.3.0' ],
73 silly audit   postcss: [ '8.4.31', '8.4.47' ],
73 silly audit   'node-abi': [ '3.71.0' ],
73 silly audit   'node-addon-api': [ '7.1.1' ],
73 silly audit   'node-gyp': [ '8.4.1' ],
73 silly audit   nopt: [ '5.0.0' ],
73 silly audit   'normalize-path': [ '3.0.0' ],
73 silly audit   npmlog: [ '6.0.2' ],
73 silly audit   'object-assign': [ '4.1.1' ],
73 silly audit   'object-hash': [ '3.0.0' ],
73 silly audit   'object-inspect': [ '1.13.2' ],
73 silly audit   'object-is': [ '1.1.6' ],
73 silly audit   'object-keys': [ '1.1.1' ],
73 silly audit   'object.assign': [ '4.1.5' ],
73 silly audit   'object.entries': [ '1.1.8' ],
73 silly audit   'object.fromentries': [ '2.0.8' ],
73 silly audit   'object.groupby': [ '1.0.3' ],
73 silly audit   'object.values': [ '1.2.0' ],
73 silly audit   'on-finished': [ '2.4.1' ],
73 silly audit   once: [ '1.4.0' ],
73 silly audit   optionator: [ '0.9.4' ],
73 silly audit   'p-limit': [ '3.1.0' ],
73 silly audit   'p-locate': [ '5.0.0' ],
73 silly audit   'p-map': [ '4.0.0' ],
73 silly audit   'parent-module': [ '1.0.1' ],
73 silly audit   parseurl: [ '1.3.3' ],
73 silly audit   'path-exists': [ '4.0.0' ],
73 silly audit   'path-is-absolute': [ '1.0.1' ],
73 silly audit   'path-key': [ '3.1.1' ],
73 silly audit   'path-parse': [ '1.0.7' ],
73 silly audit   'path-scurry': [ '1.11.1' ],
73 silly audit   'path-to-regexp': [ '0.1.10' ],
73 silly audit   picocolors: [ '1.1.0' ],
73 silly audit   picomatch: [ '2.3.1' ],
73 silly audit   pify: [ '2.3.0' ],
73 silly audit   pirates: [ '4.0.6' ],
73 silly audit   'possible-typed-array-names': [ '1.0.0' ],
73 silly audit   'postcss-import': [ '15.1.0' ],
73 silly audit   'postcss-js': [ '4.0.1' ],
73 silly audit   'postcss-load-config': [ '4.0.2' ],
73 silly audit   'postcss-nested': [ '6.2.0' ],
73 silly audit   'postcss-selector-parser': [ '6.1.2' ],
73 silly audit   'postcss-value-parser': [ '4.2.0' ],
73 silly audit   'prebuild-install': [ '7.1.2' ],
73 silly audit   'prelude-ls': [ '1.2.1' ],
73 silly audit   'promise-inflight': [ '1.0.1' ],
73 silly audit   'promise-retry': [ '2.0.1' ],
73 silly audit   'prop-types': [ '15.8.1' ],
73 silly audit   'proxy-addr': [ '2.0.7' ],
73 silly audit   pump: [ '3.0.2' ],
73 silly audit   punycode: [ '2.3.1' ],
73 silly audit   qs: [ '6.13.0' ],
73 silly audit   'queue-microtask': [ '1.2.3' ],
73 silly audit   'range-parser': [ '1.2.1' ],
73 silly audit   'raw-body': [ '2.5.2' ],
73 silly audit   rc: [ '1.2.8' ],
73 silly audit   'strip-json-comments': [ '2.0.1', '3.1.1' ],
73 silly audit   react: [ '18.3.1' ],
73 silly audit   'react-day-picker': [ '8.10.1' ],
73 silly audit   'react-dom': [ '18.3.1' ],
73 silly audit   'react-hook-form': [ '7.53.0' ],
73 silly audit   'react-is': [ '16.13.1' ],
73 silly audit   'react-remove-scroll-bar': [ '2.3.6' ],
73 silly audit   'react-resizable-panels': [ '2.1.3' ],
73 silly audit   'react-smooth': [ '4.0.1' ],
73 silly audit   'react-style-singleton': [ '2.2.1' ],
73 silly audit   'react-transition-group': [ '4.4.5' ],
73 silly audit   'read-cache': [ '1.0.0' ],
73 silly audit   'readable-stream': [ '3.6.2' ],
73 silly audit   readdirp: [ '3.6.0' ],
73 silly audit   recharts: [ '2.12.7' ],
73 silly audit   'recharts-scale': [ '0.4.5' ],
73 silly audit   'reflect.getprototypeof': [ '1.0.6' ],
73 silly audit   'regenerator-runtime': [ '0.14.1' ],
73 silly audit   'regexp.prototype.flags': [ '1.5.2' ],
73 silly audit   'resolve-from': [ '4.0.0' ],
73 silly audit   'resolve-pkg-maps': [ '1.0.0' ],
73 silly audit   retry: [ '0.12.0' ],
73 silly audit   reusify: [ '1.0.4' ],
73 silly audit   rimraf: [ '3.0.2' ],
73 silly audit   'run-parallel': [ '1.2.0' ],
73 silly audit   'safe-array-concat': [ '1.1.2' ],
73 silly audit   'safe-buffer': [ '5.2.1' ],
73 silly audit   'safe-regex-test': [ '1.0.3' ],
73 silly audit   'safer-buffer': [ '2.1.2' ],
73 silly audit   scheduler: [ '0.23.2' ],
73 silly audit   send: [ '0.19.0' ],
73 silly audit   'serve-static': [ '1.16.2' ],
73 silly audit   'set-blocking': [ '2.0.0' ],
73 silly audit   'set-function-length': [ '1.2.2' ],
73 silly audit   'set-function-name': [ '2.0.2' ],
73 silly audit   setprototypeof: [ '1.2.0' ],
73 silly audit   'shebang-command': [ '2.0.0' ],
73 silly audit   'shebang-regex': [ '3.0.0' ],
73 silly audit   'side-channel': [ '1.0.6' ],
73 silly audit   'simple-concat': [ '1.0.1' ],
73 silly audit   'simple-get': [ '4.0.1' ],
73 silly audit   'smart-buffer': [ '4.2.0' ],
73 silly audit   socks: [ '2.8.3' ],
73 silly audit   'socks-proxy-agent': [ '6.2.1' ],
73 silly audit   sonner: [ '1.5.0' ],
73 silly audit   'source-map-js': [ '1.2.1' ],
73 silly audit   'sprintf-js': [ '1.1.3' ],
73 silly audit   sqlite3: [ '5.1.7' ],
73 silly audit   ssri: [ '8.0.1' ],
73 silly audit   statuses: [ '2.0.1' ],
73 silly audit   'stop-iteration-iterator': [ '1.0.0' ],
73 silly audit   streamsearch: [ '1.1.0' ],
73 silly audit   string_decoder: [ '1.3.0' ],
73 silly audit   'string.prototype.includes': [ '2.0.0' ],
73 silly audit   'string.prototype.matchall': [ '4.0.11' ],
73 silly audit   'string.prototype.repeat': [ '1.0.0' ],
73 silly audit   'string.prototype.trim': [ '1.2.9' ],
73 silly audit   'string.prototype.trimend': [ '1.0.8' ],
73 silly audit   'string.prototype.trimstart': [ '1.0.8' ],
73 silly audit   'strip-bom': [ '3.0.0' ],
73 silly audit   'styled-jsx': [ '5.1.1' ],
73 silly audit   sucrase: [ '3.35.0' ],
73 silly audit   'supports-color': [ '7.2.0' ],
73 silly audit   'supports-preserve-symlinks-flag': [ '1.0.0' ],
73 silly audit   'tailwind-merge': [ '2.5.2' ],
73 silly audit   tailwindcss: [ '3.4.13' ],
73 silly audit   'tailwindcss-animate': [ '1.0.7' ],
73 silly audit   tapable: [ '2.2.1' ],
73 silly audit   tar: [ '6.2.1' ],
73 silly audit   'tar-fs': [ '2.1.1' ],
73 silly audit   'tar-stream': [ '2.2.0' ],
73 silly audit   'text-table': [ '0.2.0' ],
73 silly audit   thenify: [ '3.3.1' ],
73 silly audit   'thenify-all': [ '1.6.0' ],
73 silly audit   'tiny-invariant': [ '1.3.3' ],
73 silly audit   'to-regex-range': [ '5.0.1' ],
73 silly audit   toidentifier: [ '1.0.1' ],
73 silly audit   'ts-api-utils': [ '1.3.0' ],
73 silly audit   'ts-interface-checker': [ '0.1.13' ],
73 silly audit   'tsconfig-paths': [ '3.15.0' ],
73 silly audit   tslib: [ '2.7.0' ],
73 silly audit   'tunnel-agent': [ '0.6.0' ],
73 silly audit   'type-check': [ '0.4.0' ],
73 silly audit   'type-fest': [ '0.20.2' ],
73 silly audit   'type-is': [ '1.6.18' ],
73 silly audit   'typed-array-buffer': [ '1.0.2' ],
73 silly audit   'typed-array-byte-length': [ '1.0.1' ],
73 silly audit   'typed-array-byte-offset': [ '1.0.2' ],
73 silly audit   'typed-array-length': [ '1.0.6' ],
73 silly audit   typescript: [ '5.6.2' ],
73 silly audit   'unbox-primitive': [ '1.0.2' ],
73 silly audit   'undici-types': [ '6.19.8' ],
73 silly audit   'unique-filename': [ '1.1.1' ],
73 silly audit   'unique-slug': [ '2.0.2' ],
73 silly audit   unpipe: [ '1.0.0' ],
73 silly audit   'uri-js': [ '4.4.1' ],
73 silly audit   'use-callback-ref': [ '1.3.2' ],
73 silly audit   'use-sidecar': [ '1.1.2' ],
73 silly audit   'util-deprecate': [ '1.0.2' ],
73 silly audit   'utils-merge': [ '1.0.1' ],
73 silly audit   vary: [ '1.1.2' ],
73 silly audit   vaul: [ '1.0.0' ],
73 silly audit   'victory-vendor': [ '36.9.2' ],
73 silly audit   which: [ '2.0.2' ],
73 silly audit   'which-boxed-primitive': [ '1.0.2' ],
73 silly audit   'which-builtin-type': [ '1.1.4' ],
73 silly audit   'which-collection': [ '1.0.2' ],
73 silly audit   'which-typed-array': [ '1.1.15' ],
73 silly audit   'wide-align': [ '1.1.5' ],
73 silly audit   'word-wrap': [ '1.2.5' ],
73 silly audit   'wrap-ansi': [ '8.1.0', '7.0.0' ],
73 silly audit   wrappy: [ '1.0.2' ],
73 silly audit   yallist: [ '4.0.0' ],
73 silly audit   yaml: [ '2.5.1' ],
73 silly audit   'yocto-queue': [ '0.1.0' ],
73 silly audit   zod: [ '3.23.8' ],
73 silly audit   '@radix-ui/react-toast': [ '1.2.2' ]
73 silly audit }
74 verbose reify failed optional dependency /home/user/web-app/node_modules/fsevents
75 silly reify mark deleted [ '/home/user/web-app/node_modules/fsevents' ]
76 verbose reify failed optional dependency /home/user/web-app/node_modules/@next/swc-win32-x64-msvc
77 silly reify mark deleted [ '/home/user/web-app/node_modules/@next/swc-win32-x64-msvc' ]
78 verbose reify failed optional dependency /home/user/web-app/node_modules/@next/swc-win32-ia32-msvc
79 silly reify mark deleted [ '/home/user/web-app/node_modules/@next/swc-win32-ia32-msvc' ]
80 verbose reify failed optional dependency /home/user/web-app/node_modules/@next/swc-win32-arm64-msvc
81 silly reify mark deleted [ '/home/user/web-app/node_modules/@next/swc-win32-arm64-msvc' ]
82 verbose reify failed optional dependency /home/user/web-app/node_modules/@next/swc-linux-arm64-musl
83 silly reify mark deleted [ '/home/user/web-app/node_modules/@next/swc-linux-arm64-musl' ]
84 verbose reify failed optional dependency /home/user/web-app/node_modules/@next/swc-linux-arm64-gnu
85 silly reify mark deleted [ '/home/user/web-app/node_modules/@next/swc-linux-arm64-gnu' ]
86 verbose reify failed optional dependency /home/user/web-app/node_modules/@next/swc-darwin-x64
87 silly reify mark deleted [ '/home/user/web-app/node_modules/@next/swc-darwin-x64' ]
88 verbose reify failed optional dependency /home/user/web-app/node_modules/@next/swc-darwin-arm64
89 silly reify mark deleted [ '/home/user/web-app/node_modules/@next/swc-darwin-arm64' ]
90 silly tarball no local data for @radix-ui/react-toast@https://registry.npmjs.org/@radix-ui/react-toast/-/react-toast-1.2.2.tgz. Extracting by manifest.
91 silly tarball no local data for @radix-ui/react-portal@https://registry.npmjs.org/@radix-ui/react-portal/-/react-portal-1.1.2.tgz. Extracting by manifest.
92 silly tarball no local data for @radix-ui/react-dismissable-layer@https://registry.npmjs.org/@radix-ui/react-dismissable-layer/-/react-dismissable-layer-1.1.1.tgz. Extracting by manifest.
93 silly tarball no local data for @radix-ui/react-presence@https://registry.npmjs.org/@radix-ui/react-presence/-/react-presence-1.1.1.tgz. Extracting by manifest.
94 silly tarball no local data for @radix-ui/react-context@https://registry.npmjs.org/@radix-ui/react-context/-/react-context-1.1.1.tgz. Extracting by manifest.
95 http fetch GET 200 https://registry.npmjs.org/@radix-ui/react-portal/-/react-portal-1.1.2.tgz 72ms (cache miss)
96 http fetch GET 200 https://registry.npmjs.org/@radix-ui/react-dismissable-layer/-/react-dismissable-layer-1.1.1.tgz 76ms (cache miss)
97 http fetch GET 200 https://registry.npmjs.org/@radix-ui/react-context/-/react-context-1.1.1.tgz 81ms (cache miss)
98 http fetch GET 200 https://registry.npmjs.org/@radix-ui/react-toast/-/react-toast-1.2.2.tgz 91ms (cache miss)
99 http fetch GET 200 https://registry.npmjs.org/@radix-ui/react-presence/-/react-presence-1.1.1.tgz 89ms (cache miss)
100 http fetch POST 200 https://registry.npmjs.org/-/npm/v1/security/advisories/bulk 109ms
101 silly audit report {}
102 silly ADD
103 silly ADD
104 silly ADD
105 silly ADD
106 silly ADD
107 silly ADD
108 silly ADD
109 silly ADD
110 silly CHANGE node_modules/@radix-ui/react-toast
111 silly ADD node_modules/@radix-ui/react-toast/node_modules/@radix-ui/react-presence
112 silly ADD node_modules/@radix-ui/react-toast/node_modules/@radix-ui/react-portal
113 silly ADD node_modules/@radix-ui/react-toast/node_modules/@radix-ui/react-dismissable-layer
114 silly ADD node_modules/@radix-ui/react-toast/node_modules/@radix-ui/react-context
115 verbose cwd /home/user/web-app
116 verbose os Linux 6.1.102
117 verbose node v20.17.0
118 verbose npm  v10.8.2
119 verbose exit 0
120 info ok
