
> web-app@0.1.0 dev
> next dev

  ▲ Next.js 14.2.13
  - Local:        http://localhost:3000

 ✓ Starting...
 ✓ Ready in 1925ms
 ○ Compiling /_not-found ...
 ✓ Compiled /_not-found in 5.6s (791 modules)
 HEAD /document/1 200 in 1481ms
 GET /document/1 200 in 6067ms
 GET /_next/static/webpack/1b85ee16677722dd.webpack.hot-update.json 404 in 6008ms
 ⚠ Fast Refresh had to perform a full reload. Read more: https://nextjs.org/docs/messages/fast-refresh-reload
 GET /document/1 200 in 17ms
 GET /api/documents/1/users 404 in 26ms
 ✓ Compiled /api/chat/[documentId] in 394ms (365 modules)
 ✓ Compiled (369 modules)
 GET /api/chat/1 304 in 510ms
 GET /api/documents/1 304 in 610ms
 GET /api/documents/1/versions 304 in 604ms
 GET /document/1 200 in 54ms
 GET /api/documents/1/users 404 in 163ms
 GET /api/documents/1 304 in 6ms
 GET /api/documents/1/versions 304 in 7ms
 GET /api/chat/1 304 in 7ms
 ✓ Compiled in 647ms (593 modules)
 GET /document/1 200 in 68ms
 ⚠ Fast Refresh had to perform a full reload. Read more: https://nextjs.org/docs/messages/fast-refresh-reload
